{"C:\\Users\\angel\\Local\\Proyectos\\DevTalles\\5 - React de cero a expero - Edición 2025\\03-gifs-app\\src\\GifsApp.tsx": {"path":"C:\\Users\\angel\\Local\\Proyectos\\DevTalles\\5 - React de cero a expero - Edición 2025\\03-gifs-app\\src\\GifsApp.tsx","statementMap":{"0":{"start":{"line":7,"column":23},"end":{"line":31,"column":null}},"1":{"start":{"line":8,"column":64},"end":{"line":8,"column":null}},"2":{"start":{"line":10,"column":2},"end":{"line":28,"column":null}}},"fnMap":{"0":{"name":"(anonymous_0)","decl":{"start":{"line":7,"column":23},"end":{"line":7,"column":null}},"loc":{"start":{"line":7,"column":23},"end":{"line":31,"column":null}},"line":7}},"branchMap":{},"s":{"0":1,"1":1,"2":1},"f":{"0":1},"b":{},"meta":{"lastBranch":0,"lastFunction":1,"lastStatement":3,"seen":{"s:7:23:31:Infinity":0,"f:7:23:7:Infinity":0,"s:8:64:8:Infinity":1,"s:10:2:28:Infinity":2}}}
,"C:\\Users\\angel\\Local\\Proyectos\\DevTalles\\5 - React de cero a expero - Edición 2025\\03-gifs-app\\src\\counter\\components\\MyCounterApp.tsx": {"path":"C:\\Users\\angel\\Local\\Proyectos\\DevTalles\\5 - React de cero a expero - Edición 2025\\03-gifs-app\\src\\counter\\components\\MyCounterApp.tsx","statementMap":{"0":{"start":{"line":3,"column":28},"end":{"line":18,"column":null}},"1":{"start":{"line":4,"column":59},"end":{"line":4,"column":null}},"2":{"start":{"line":6,"column":2},"end":{"line":14,"column":null}}},"fnMap":{"0":{"name":"(anonymous_0)","decl":{"start":{"line":3,"column":28},"end":{"line":3,"column":null}},"loc":{"start":{"line":3,"column":28},"end":{"line":18,"column":null}},"line":3}},"branchMap":{},"s":{"0":2,"1":7,"2":7},"f":{"0":7},"b":{},"meta":{"lastBranch":0,"lastFunction":1,"lastStatement":3,"seen":{"s:3:28:18:Infinity":0,"f:3:28:3:Infinity":0,"s:4:59:4:Infinity":1,"s:6:2:14:Infinity":2}}}
,"C:\\Users\\angel\\Local\\Proyectos\\DevTalles\\5 - React de cero a expero - Edición 2025\\03-gifs-app\\src\\counter\\hooks\\useCounter.tsx": {"path":"C:\\Users\\angel\\Local\\Proyectos\\DevTalles\\5 - React de cero a expero - Edición 2025\\03-gifs-app\\src\\counter\\hooks\\useCounter.tsx","statementMap":{"0":{"start":{"line":3,"column":26},"end":{"line":26,"column":null}},"1":{"start":{"line":4,"column":29},"end":{"line":4,"column":null}},"2":{"start":{"line":6,"column":20},"end":{"line":8,"column":null}},"3":{"start":{"line":7,"column":4},"end":{"line":7,"column":null}},"4":{"start":{"line":10,"column":25},"end":{"line":12,"column":null}},"5":{"start":{"line":11,"column":4},"end":{"line":11,"column":29}},"6":{"start":{"line":14,"column":22},"end":{"line":16,"column":null}},"7":{"start":{"line":15,"column":4},"end":{"line":15,"column":null}},"8":{"start":{"line":17,"column":2},"end":{"line":25,"column":null}}},"fnMap":{"0":{"name":"(anonymous_0)","decl":{"start":{"line":3,"column":26},"end":{"line":3,"column":27}},"loc":{"start":{"line":3,"column":51},"end":{"line":26,"column":null}},"line":3},"1":{"name":"(anonymous_1)","decl":{"start":{"line":6,"column":20},"end":{"line":6,"column":null}},"loc":{"start":{"line":6,"column":20},"end":{"line":8,"column":null}},"line":6},"2":{"name":"(anonymous_2)","decl":{"start":{"line":10,"column":25},"end":{"line":10,"column":null}},"loc":{"start":{"line":10,"column":25},"end":{"line":12,"column":null}},"line":10},"3":{"name":"(anonymous_3)","decl":{"start":{"line":14,"column":22},"end":{"line":14,"column":null}},"loc":{"start":{"line":14,"column":22},"end":{"line":16,"column":null}},"line":14}},"branchMap":{"0":{"loc":{"start":{"line":3,"column":27},"end":{"line":3,"column":51}},"type":"default-arg","locations":[{"start":{"line":3,"column":50},"end":{"line":3,"column":51}}],"line":3}},"s":{"0":2,"1":12,"2":12,"3":2,"4":12,"5":2,"6":12,"7":1,"8":12},"f":{"0":12,"1":2,"2":2,"3":1},"b":{"0":[12]},"meta":{"lastBranch":1,"lastFunction":4,"lastStatement":9,"seen":{"s:3:26:26:Infinity":0,"f:3:26:3:27":0,"b:3:50:3:51":0,"s:4:29:4:Infinity":1,"s:6:20:8:Infinity":2,"f:6:20:6:Infinity":1,"s:7:4:7:Infinity":3,"s:10:25:12:Infinity":4,"f:10:25:10:Infinity":2,"s:11:4:11:29":5,"s:14:22:16:Infinity":6,"f:14:22:14:Infinity":3,"s:15:4:15:Infinity":7,"s:17:2:25:Infinity":8}}}
,"C:\\Users\\angel\\Local\\Proyectos\\DevTalles\\5 - React de cero a expero - Edición 2025\\03-gifs-app\\src\\gifs\\GifList.tsx": {"path":"C:\\Users\\angel\\Local\\Proyectos\\DevTalles\\5 - React de cero a expero - Edición 2025\\03-gifs-app\\src\\gifs\\GifList.tsx","statementMap":{"0":{"start":{"line":7,"column":23},"end":{"line":21,"column":null}},"1":{"start":{"line":8,"column":2},"end":{"line":11,"column":26}},"2":{"start":{"line":10,"column":17},"end":{"line":11,"column":26}}},"fnMap":{"0":{"name":"(anonymous_0)","decl":{"start":{"line":7,"column":23},"end":{"line":7,"column":24}},"loc":{"start":{"line":7,"column":39},"end":{"line":21,"column":null}},"line":7},"1":{"name":"(anonymous_1)","decl":{"start":{"line":10,"column":16},"end":{"line":10,"column":17}},"loc":{"start":{"line":10,"column":17},"end":{"line":11,"column":26}},"line":10}},"branchMap":{},"s":{"0":1,"1":1,"2":0},"f":{"0":1,"1":0},"b":{},"meta":{"lastBranch":0,"lastFunction":2,"lastStatement":3,"seen":{"s:7:23:21:Infinity":0,"f:7:23:7:24":0,"s:8:2:11:26":1,"f:10:16:10:17":1,"s:10:17:11:26":2}}}
,"C:\\Users\\angel\\Local\\Proyectos\\DevTalles\\5 - React de cero a expero - Edición 2025\\03-gifs-app\\src\\gifs\\PreviousSearches.tsx": {"path":"C:\\Users\\angel\\Local\\Proyectos\\DevTalles\\5 - React de cero a expero - Edición 2025\\03-gifs-app\\src\\gifs\\PreviousSearches.tsx","statementMap":{"0":{"start":{"line":8,"column":43},"end":{"line":21,"column":null}},"1":{"start":{"line":9,"column":2},"end":{"line":14,"column":25}},"2":{"start":{"line":13,"column":23},"end":{"line":14,"column":25}},"3":{"start":{"line":14,"column":40},"end":{"line":14,"column":null}}},"fnMap":{"0":{"name":"(anonymous_0)","decl":{"start":{"line":8,"column":43},"end":{"line":8,"column":44}},"loc":{"start":{"line":8,"column":72},"end":{"line":21,"column":null}},"line":8},"1":{"name":"(anonymous_1)","decl":{"start":{"line":13,"column":22},"end":{"line":13,"column":23}},"loc":{"start":{"line":13,"column":23},"end":{"line":14,"column":25}},"line":13},"2":{"name":"(anonymous_2)","decl":{"start":{"line":14,"column":34},"end":{"line":14,"column":40}},"loc":{"start":{"line":14,"column":40},"end":{"line":14,"column":null}},"line":14}},"branchMap":{},"s":{"0":1,"1":1,"2":0,"3":0},"f":{"0":1,"1":0,"2":0},"b":{},"meta":{"lastBranch":0,"lastFunction":3,"lastStatement":4,"seen":{"s:8:43:21:Infinity":0,"f:8:43:8:44":0,"s:9:2:14:25":1,"f:13:22:13:23":1,"s:13:23:14:25":2,"f:14:34:14:40":2,"s:14:40:14:Infinity":3}}}
,"C:\\Users\\angel\\Local\\Proyectos\\DevTalles\\5 - React de cero a expero - Edición 2025\\03-gifs-app\\src\\gifs\\actions\\get-gifs-by-query.action.ts": {"path":"C:\\Users\\angel\\Local\\Proyectos\\DevTalles\\5 - React de cero a expero - Edición 2025\\03-gifs-app\\src\\gifs\\actions\\get-gifs-by-query.action.ts","statementMap":{"0":{"start":{"line":5,"column":30},"end":{"line":26,"column":null}},"1":{"start":{"line":6,"column":2},"end":{"line":25,"column":null}},"2":{"start":{"line":7,"column":4},"end":{"line":7,"column":null}},"3":{"start":{"line":7,"column":35},"end":{"line":7,"column":null}},"4":{"start":{"line":9,"column":21},"end":{"line":14,"column":null}},"5":{"start":{"line":15,"column":4},"end":{"line":21,"column":null}},"6":{"start":{"line":15,"column":44},"end":{"line":21,"column":null}},"7":{"start":{"line":23,"column":4},"end":{"line":23,"column":null}},"8":{"start":{"line":24,"column":4},"end":{"line":24,"column":null}}},"fnMap":{"0":{"name":"(anonymous_0)","decl":{"start":{"line":5,"column":30},"end":{"line":5,"column":37}},"loc":{"start":{"line":5,"column":37},"end":{"line":26,"column":null}},"line":5},"1":{"name":"(anonymous_1)","decl":{"start":{"line":15,"column":34},"end":{"line":15,"column":35}},"loc":{"start":{"line":15,"column":44},"end":{"line":21,"column":null}},"line":15}},"branchMap":{"0":{"loc":{"start":{"line":7,"column":4},"end":{"line":7,"column":null}},"type":"if","locations":[{"start":{"line":7,"column":4},"end":{"line":7,"column":null}},{"start":{},"end":{}}],"line":7}},"s":{"0":3,"1":6,"2":6,"3":1,"4":5,"5":4,"6":40,"7":1,"8":1},"f":{"0":6,"1":40},"b":{"0":[1,5]},"meta":{"lastBranch":1,"lastFunction":2,"lastStatement":9,"seen":{"s:5:30:26:Infinity":0,"f:5:30:5:37":0,"s:6:2:25:Infinity":1,"b:7:4:7:Infinity:undefined:undefined:undefined:undefined":0,"s:7:4:7:Infinity":2,"s:7:35:7:Infinity":3,"s:9:21:14:Infinity":4,"s:15:4:21:Infinity":5,"f:15:34:15:35":1,"s:15:44:21:Infinity":6,"s:23:4:23:Infinity":7,"s:24:4:24:Infinity":8}}}
,"C:\\Users\\angel\\Local\\Proyectos\\DevTalles\\5 - React de cero a expero - Edición 2025\\03-gifs-app\\src\\gifs\\api\\giphy.api.ts": {"path":"C:\\Users\\angel\\Local\\Proyectos\\DevTalles\\5 - React de cero a expero - Edición 2025\\03-gifs-app\\src\\gifs\\api\\giphy.api.ts","statementMap":{"0":{"start":{"line":3,"column":24},"end":{"line":9,"column":null}}},"fnMap":{},"branchMap":{},"s":{"0":4},"f":{},"b":{},"meta":{"lastBranch":0,"lastFunction":0,"lastStatement":1,"seen":{"s:3:24:9:Infinity":0}}}
,"C:\\Users\\angel\\Local\\Proyectos\\DevTalles\\5 - React de cero a expero - Edición 2025\\03-gifs-app\\src\\gifs\\hooks\\useGifs.tsx": {"path":"C:\\Users\\angel\\Local\\Proyectos\\DevTalles\\5 - React de cero a expero - Edición 2025\\03-gifs-app\\src\\gifs\\hooks\\useGifs.tsx","statementMap":{"0":{"start":{"line":7,"column":23},"end":{"line":44,"column":null}},"1":{"start":{"line":8,"column":23},"end":{"line":8,"column":null}},"2":{"start":{"line":9,"column":41},"end":{"line":9,"column":null}},"3":{"start":{"line":10,"column":8},"end":{"line":10,"column":null}},"4":{"start":{"line":12,"column":28},"end":{"line":21,"column":null}},"5":{"start":{"line":13,"column":4},"end":{"line":16,"column":null}},"6":{"start":{"line":14,"column":6},"end":{"line":14,"column":null}},"7":{"start":{"line":15,"column":6},"end":{"line":15,"column":null}},"8":{"start":{"line":18,"column":17},"end":{"line":18,"column":null}},"9":{"start":{"line":19,"column":4},"end":{"line":19,"column":null}},"10":{"start":{"line":20,"column":4},"end":{"line":20,"column":null}},"11":{"start":{"line":23,"column":23},"end":{"line":33,"column":null}},"12":{"start":{"line":24,"column":4},"end":{"line":24,"column":null}},"13":{"start":{"line":25,"column":4},"end":{"line":25,"column":null}},"14":{"start":{"line":25,"column":28},"end":{"line":25,"column":null}},"15":{"start":{"line":26,"column":4},"end":{"line":26,"column":null}},"16":{"start":{"line":26,"column":39},"end":{"line":26,"column":null}},"17":{"start":{"line":28,"column":4},"end":{"line":28,"column":null}},"18":{"start":{"line":29,"column":17},"end":{"line":29,"column":null}},"19":{"start":{"line":31,"column":4},"end":{"line":31,"column":null}},"20":{"start":{"line":32,"column":4},"end":{"line":32,"column":null}},"21":{"start":{"line":35,"column":2},"end":{"line":43,"column":null}}},"fnMap":{"0":{"name":"(anonymous_0)","decl":{"start":{"line":7,"column":23},"end":{"line":7,"column":null}},"loc":{"start":{"line":7,"column":23},"end":{"line":44,"column":null}},"line":7},"1":{"name":"(anonymous_1)","decl":{"start":{"line":12,"column":28},"end":{"line":12,"column":35}},"loc":{"start":{"line":12,"column":35},"end":{"line":21,"column":null}},"line":12},"2":{"name":"(anonymous_2)","decl":{"start":{"line":23,"column":23},"end":{"line":23,"column":30}},"loc":{"start":{"line":23,"column":48},"end":{"line":33,"column":null}},"line":23}},"branchMap":{"0":{"loc":{"start":{"line":13,"column":4},"end":{"line":16,"column":null}},"type":"if","locations":[{"start":{"line":13,"column":4},"end":{"line":16,"column":null}},{"start":{},"end":{}}],"line":13},"1":{"loc":{"start":{"line":23,"column":30},"end":{"line":23,"column":48}},"type":"default-arg","locations":[{"start":{"line":23,"column":46},"end":{"line":23,"column":48}}],"line":23},"2":{"loc":{"start":{"line":25,"column":4},"end":{"line":25,"column":null}},"type":"if","locations":[{"start":{"line":25,"column":4},"end":{"line":25,"column":null}},{"start":{},"end":{}}],"line":25},"3":{"loc":{"start":{"line":26,"column":4},"end":{"line":26,"column":null}},"type":"if","locations":[{"start":{"line":26,"column":4},"end":{"line":26,"column":null}},{"start":{},"end":{}}],"line":26}},"s":{"0":2,"1":18,"2":18,"3":18,"4":18,"5":2,"6":0,"7":0,"8":2,"9":2,"10":2,"11":18,"12":10,"13":10,"14":0,"15":10,"16":0,"17":10,"18":10,"19":10,"20":10,"21":18},"f":{"0":18,"1":2,"2":10},"b":{"0":[0,2],"1":[10],"2":[0,10],"3":[0,10]},"meta":{"lastBranch":4,"lastFunction":3,"lastStatement":22,"seen":{"s:7:23:44:Infinity":0,"f:7:23:7:Infinity":0,"s:8:23:8:Infinity":1,"s:9:41:9:Infinity":2,"s:10:8:10:Infinity":3,"s:12:28:21:Infinity":4,"f:12:28:12:35":1,"b:13:4:16:Infinity:undefined:undefined:undefined:undefined":0,"s:13:4:16:Infinity":5,"s:14:6:14:Infinity":6,"s:15:6:15:Infinity":7,"s:18:17:18:Infinity":8,"s:19:4:19:Infinity":9,"s:20:4:20:Infinity":10,"s:23:23:33:Infinity":11,"f:23:23:23:30":2,"b:23:46:23:48":1,"s:24:4:24:Infinity":12,"b:25:4:25:Infinity:undefined:undefined:undefined:undefined":2,"s:25:4:25:Infinity":13,"s:25:28:25:Infinity":14,"b:26:4:26:Infinity:undefined:undefined:undefined:undefined":3,"s:26:4:26:Infinity":15,"s:26:39:26:Infinity":16,"s:28:4:28:Infinity":17,"s:29:17:29:Infinity":18,"s:31:4:31:Infinity":19,"s:32:4:32:Infinity":20,"s:35:2:43:Infinity":21}}}
,"C:\\Users\\angel\\Local\\Proyectos\\DevTalles\\5 - React de cero a expero - Edición 2025\\03-gifs-app\\src\\shared\\components\\CustomHeader.tsx": {"path":"C:\\Users\\angel\\Local\\Proyectos\\DevTalles\\5 - React de cero a expero - Edición 2025\\03-gifs-app\\src\\shared\\components\\CustomHeader.tsx","statementMap":{"0":{"start":{"line":6,"column":28},"end":{"line":13,"column":null}},"1":{"start":{"line":7,"column":2},"end":{"line":10,"column":null}}},"fnMap":{"0":{"name":"(anonymous_0)","decl":{"start":{"line":6,"column":28},"end":{"line":6,"column":29}},"loc":{"start":{"line":6,"column":58},"end":{"line":13,"column":null}},"line":6}},"branchMap":{"0":{"loc":{"start":{"line":10,"column":7},"end":{"line":10,"column":null}},"type":"binary-expr","locations":[{"start":{"line":10,"column":7},"end":{"line":10,"column":22}},{"start":{"line":10,"column":7},"end":{"line":10,"column":null}}],"line":10}},"s":{"0":2,"1":4},"f":{"0":4},"b":{"0":[4,2]},"meta":{"lastBranch":1,"lastFunction":1,"lastStatement":2,"seen":{"s:6:28:13:Infinity":0,"f:6:28:6:29":0,"s:7:2:10:Infinity":1,"b:10:7:10:22:10:7:10:Infinity":0}}}
,"C:\\Users\\angel\\Local\\Proyectos\\DevTalles\\5 - React de cero a expero - Edición 2025\\03-gifs-app\\src\\shared\\components\\SearchBar.tsx": {"path":"C:\\Users\\angel\\Local\\Proyectos\\DevTalles\\5 - React de cero a expero - Edición 2025\\03-gifs-app\\src\\shared\\components\\SearchBar.tsx","statementMap":{"0":{"start":{"line":8,"column":25},"end":{"line":43,"column":null}},"1":{"start":{"line":9,"column":25},"end":{"line":9,"column":null}},"2":{"start":{"line":11,"column":2},"end":{"line":19,"column":null}},"3":{"start":{"line":12,"column":22},"end":{"line":14,"column":null}},"4":{"start":{"line":13,"column":6},"end":{"line":13,"column":null}},"5":{"start":{"line":16,"column":4},"end":{"line":18,"column":null}},"6":{"start":{"line":17,"column":6},"end":{"line":17,"column":null}},"7":{"start":{"line":21,"column":23},"end":{"line":23,"column":null}},"8":{"start":{"line":22,"column":4},"end":{"line":22,"column":null}},"9":{"start":{"line":25,"column":24},"end":{"line":29,"column":null}},"10":{"start":{"line":26,"column":4},"end":{"line":28,"column":null}},"11":{"start":{"line":27,"column":6},"end":{"line":27,"column":null}},"12":{"start":{"line":31,"column":2},"end":{"line":40,"column":null}},"13":{"start":{"line":37,"column":29},"end":{"line":37,"column":null}}},"fnMap":{"0":{"name":"(anonymous_0)","decl":{"start":{"line":8,"column":25},"end":{"line":8,"column":26}},"loc":{"start":{"line":8,"column":68},"end":{"line":43,"column":null}},"line":8},"1":{"name":"(anonymous_1)","decl":{"start":{"line":11,"column":12},"end":{"line":11,"column":null}},"loc":{"start":{"line":11,"column":12},"end":{"line":19,"column":5}},"line":11},"2":{"name":"(anonymous_2)","decl":{"start":{"line":12,"column":33},"end":{"line":12,"column":null}},"loc":{"start":{"line":12,"column":33},"end":{"line":14,"column":7}},"line":12},"3":{"name":"(anonymous_3)","decl":{"start":{"line":16,"column":11},"end":{"line":16,"column":null}},"loc":{"start":{"line":16,"column":11},"end":{"line":18,"column":null}},"line":16},"4":{"name":"(anonymous_4)","decl":{"start":{"line":21,"column":23},"end":{"line":21,"column":null}},"loc":{"start":{"line":21,"column":23},"end":{"line":23,"column":null}},"line":21},"5":{"name":"(anonymous_5)","decl":{"start":{"line":25,"column":24},"end":{"line":25,"column":25}},"loc":{"start":{"line":25,"column":25},"end":{"line":29,"column":null}},"line":25},"6":{"name":"(anonymous_6)","decl":{"start":{"line":37,"column":18},"end":{"line":37,"column":19}},"loc":{"start":{"line":37,"column":29},"end":{"line":37,"column":null}},"line":37}},"branchMap":{"0":{"loc":{"start":{"line":8,"column":28},"end":{"line":8,"column":50}},"type":"default-arg","locations":[{"start":{"line":8,"column":42},"end":{"line":8,"column":50}}],"line":8},"1":{"loc":{"start":{"line":26,"column":4},"end":{"line":28,"column":null}},"type":"if","locations":[{"start":{"line":26,"column":4},"end":{"line":28,"column":null}},{"start":{},"end":{}}],"line":26}},"s":{"0":2,"1":12,"2":12,"3":12,"4":2,"5":12,"6":12,"7":12,"8":1,"9":12,"10":0,"11":0,"12":12,"13":6},"f":{"0":12,"1":12,"2":2,"3":12,"4":1,"5":0,"6":6},"b":{"0":[12],"1":[0,0]},"meta":{"lastBranch":2,"lastFunction":7,"lastStatement":14,"seen":{"s:8:25:43:Infinity":0,"f:8:25:8:26":0,"b:8:42:8:50":0,"s:9:25:9:Infinity":1,"s:11:2:19:Infinity":2,"f:11:12:11:Infinity":1,"s:12:22:14:Infinity":3,"f:12:33:12:Infinity":2,"s:13:6:13:Infinity":4,"s:16:4:18:Infinity":5,"f:16:11:16:Infinity":3,"s:17:6:17:Infinity":6,"s:21:23:23:Infinity":7,"f:21:23:21:Infinity":4,"s:22:4:22:Infinity":8,"s:25:24:29:Infinity":9,"f:25:24:25:25":5,"b:26:4:28:Infinity:undefined:undefined:undefined:undefined":1,"s:26:4:28:Infinity":10,"s:27:6:27:Infinity":11,"s:31:2:40:Infinity":12,"f:37:18:37:19":6,"s:37:29:37:Infinity":13}}}
,"C:\\Users\\angel\\Local\\Proyectos\\DevTalles\\5 - React de cero a expero - Edición 2025\\03-gifs-app\\tests\\mock\\giphy.response.data.ts": {"path":"C:\\Users\\angel\\Local\\Proyectos\\DevTalles\\5 - React de cero a expero - Edición 2025\\03-gifs-app\\tests\\mock\\giphy.response.data.ts","statementMap":{"0":{"start":{"line":1,"column":39},"end":{"line":2120,"column":null}}},"fnMap":{},"branchMap":{},"s":{"0":1},"f":{},"b":{},"meta":{"lastBranch":0,"lastFunction":0,"lastStatement":1,"seen":{"s:1:39:2120:Infinity":0}}}
}
