{"C:\\Users\\angel\\Local\\Proyectos\\DevTalles\\React de cero a expero - Edición 2025\\02-first-steps\\src\\FirstStepsApp.tsx": {"path":"C:\\Users\\angel\\Local\\Proyectos\\DevTalles\\React de cero a expero - Edición 2025\\02-first-steps\\src\\FirstStepsApp.tsx","all":false,"statementMap":{"0":{"start":{"line":1,"column":0},"end":{"line":1,"column":58}},"7":{"start":{"line":8,"column":0},"end":{"line":8,"column":35}},"8":{"start":{"line":9,"column":0},"end":{"line":9,"column":52}},"9":{"start":{"line":10,"column":0},"end":{"line":10,"column":51}},"10":{"start":{"line":11,"column":0},"end":{"line":11,"column":41}},"11":{"start":{"line":12,"column":0},"end":{"line":12,"column":2}},"13":{"start":{"line":14,"column":0},"end":{"line":14,"column":33}},"14":{"start":{"line":15,"column":0},"end":{"line":15,"column":12}},"15":{"start":{"line":16,"column":0},"end":{"line":16,"column":10}},"20":{"start":{"line":21,"column":0},"end":{"line":21,"column":39}},"25":{"start":{"line":26,"column":0},"end":{"line":26,"column":64}},"26":{"start":{"line":27,"column":0},"end":{"line":27,"column":92}},"31":{"start":{"line":32,"column":0},"end":{"line":32,"column":2}}},"s":{"0":1,"7":1,"8":1,"9":1,"10":1,"11":1,"13":1,"14":3,"15":3,"20":3,"25":3,"26":3,"31":3},"branchMap":{"0":{"type":"branch","line":14,"loc":{"start":{"line":14,"column":7},"end":{"line":32,"column":2}},"locations":[{"start":{"line":14,"column":7},"end":{"line":32,"column":2}}]}},"b":{"0":[3]},"fnMap":{"0":{"name":"FirstStepsApp","decl":{"start":{"line":14,"column":7},"end":{"line":32,"column":2}},"loc":{"start":{"line":14,"column":7},"end":{"line":32,"column":2}},"line":14}},"f":{"0":3}}
,"C:\\Users\\angel\\Local\\Proyectos\\DevTalles\\React de cero a expero - Edición 2025\\02-first-steps\\src\\MyAwesomeApp.tsx": {"path":"C:\\Users\\angel\\Local\\Proyectos\\DevTalles\\React de cero a expero - Edición 2025\\02-first-steps\\src\\MyAwesomeApp.tsx","all":false,"statementMap":{"2":{"start":{"line":3,"column":0},"end":{"line":3,"column":32}},"3":{"start":{"line":4,"column":0},"end":{"line":4,"column":33}},"4":{"start":{"line":5,"column":0},"end":{"line":5,"column":21}},"5":{"start":{"line":6,"column":0},"end":{"line":6,"column":16}},"6":{"start":{"line":7,"column":0},"end":{"line":7,"column":15}},"7":{"start":{"line":8,"column":0},"end":{"line":8,"column":24}},"8":{"start":{"line":9,"column":0},"end":{"line":9,"column":1}},"10":{"start":{"line":11,"column":0},"end":{"line":11,"column":26}},"11":{"start":{"line":12,"column":0},"end":{"line":12,"column":24}},"13":{"start":{"line":14,"column":0},"end":{"line":14,"column":58}},"14":{"start":{"line":15,"column":0},"end":{"line":15,"column":23}},"16":{"start":{"line":17,"column":0},"end":{"line":17,"column":17}},"17":{"start":{"line":18,"column":0},"end":{"line":18,"column":23}},"18":{"start":{"line":19,"column":0},"end":{"line":19,"column":21}},"19":{"start":{"line":20,"column":0},"end":{"line":20,"column":2}},"21":{"start":{"line":22,"column":0},"end":{"line":22,"column":32}},"22":{"start":{"line":23,"column":0},"end":{"line":23,"column":12}},"23":{"start":{"line":24,"column":0},"end":{"line":24,"column":35}},"24":{"start":{"line":25,"column":0},"end":{"line":25,"column":63}},"25":{"start":{"line":26,"column":0},"end":{"line":26,"column":31}},"27":{"start":{"line":28,"column":0},"end":{"line":28,"column":44}},"28":{"start":{"line":29,"column":0},"end":{"line":29,"column":32}},"31":{"start":{"line":32,"column":0},"end":{"line":32,"column":31}},"32":{"start":{"line":33,"column":0},"end":{"line":33,"column":45}},"34":{"start":{"line":35,"column":0},"end":{"line":35,"column":31}},"35":{"start":{"line":36,"column":0},"end":{"line":36,"column":41}},"39":{"start":{"line":40,"column":0},"end":{"line":40,"column":2}}},"s":{"2":1,"3":1,"4":1,"5":1,"6":1,"7":1,"8":1,"10":1,"11":1,"13":1,"14":1,"16":1,"17":1,"18":1,"19":1,"21":1,"22":4,"23":4,"24":4,"25":4,"27":4,"28":4,"31":4,"32":4,"34":4,"35":4,"39":4},"branchMap":{"0":{"type":"branch","line":22,"loc":{"start":{"line":22,"column":7},"end":{"line":40,"column":2}},"locations":[{"start":{"line":22,"column":7},"end":{"line":40,"column":2}}]},"1":{"type":"branch","line":33,"loc":{"start":{"line":33,"column":17},"end":{"line":33,"column":35}},"locations":[{"start":{"line":33,"column":17},"end":{"line":33,"column":35}}]}},"b":{"0":[4],"1":[0]},"fnMap":{"0":{"name":"MyAwesomeApp","decl":{"start":{"line":22,"column":7},"end":{"line":40,"column":2}},"loc":{"start":{"line":22,"column":7},"end":{"line":40,"column":2}},"line":22}},"f":{"0":4}}
,"C:\\Users\\angel\\Local\\Proyectos\\DevTalles\\React de cero a expero - Edición 2025\\02-first-steps\\src\\main.tsx": {"path":"C:\\Users\\angel\\Local\\Proyectos\\DevTalles\\React de cero a expero - Edición 2025\\02-first-steps\\src\\main.tsx","all":true,"statementMap":{"0":{"start":{"line":1,"column":0},"end":{"line":1,"column":34}},"1":{"start":{"line":2,"column":0},"end":{"line":2,"column":45}},"2":{"start":{"line":3,"column":0},"end":{"line":3,"column":48}},"3":{"start":{"line":4,"column":0},"end":{"line":4,"column":49}},"4":{"start":{"line":5,"column":0},"end":{"line":5,"column":0}},"5":{"start":{"line":6,"column":0},"end":{"line":6,"column":45}},"6":{"start":{"line":7,"column":0},"end":{"line":7,"column":52}},"7":{"start":{"line":8,"column":0},"end":{"line":8,"column":60}},"8":{"start":{"line":9,"column":0},"end":{"line":9,"column":14}},"9":{"start":{"line":10,"column":0},"end":{"line":10,"column":21}},"10":{"start":{"line":11,"column":0},"end":{"line":11,"column":27}},"11":{"start":{"line":12,"column":0},"end":{"line":12,"column":16}},"12":{"start":{"line":13,"column":0},"end":{"line":13,"column":2}}},"s":{"0":0,"1":0,"2":0,"3":0,"4":0,"5":0,"6":0,"7":0,"8":0,"9":0,"10":0,"11":0,"12":0},"branchMap":{"0":{"type":"branch","line":1,"loc":{"start":{"line":1,"column":0},"end":{"line":13,"column":2}},"locations":[{"start":{"line":1,"column":0},"end":{"line":13,"column":2}}]}},"b":{"0":[0]},"fnMap":{"0":{"name":"(empty-report)","decl":{"start":{"line":1,"column":0},"end":{"line":13,"column":2}},"loc":{"start":{"line":1,"column":0},"end":{"line":13,"column":2}},"line":1}},"f":{"0":0}}
,"C:\\Users\\angel\\Local\\Proyectos\\DevTalles\\React de cero a expero - Edición 2025\\02-first-steps\\src\\helpers\\math.helper.ts": {"path":"C:\\Users\\angel\\Local\\Proyectos\\DevTalles\\React de cero a expero - Edición 2025\\02-first-steps\\src\\helpers\\math.helper.ts","all":false,"statementMap":{"0":{"start":{"line":1,"column":0},"end":{"line":1,"column":26}},"1":{"start":{"line":2,"column":0},"end":{"line":2,"column":43}},"2":{"start":{"line":3,"column":0},"end":{"line":3,"column":17}},"3":{"start":{"line":4,"column":0},"end":{"line":4,"column":1}},"5":{"start":{"line":6,"column":0},"end":{"line":6,"column":48}},"6":{"start":{"line":7,"column":0},"end":{"line":7,"column":17}},"7":{"start":{"line":8,"column":0},"end":{"line":8,"column":1}},"9":{"start":{"line":10,"column":0},"end":{"line":10,"column":48}},"10":{"start":{"line":11,"column":0},"end":{"line":11,"column":17}},"11":{"start":{"line":12,"column":0},"end":{"line":12,"column":1}},"13":{"start":{"line":14,"column":0},"end":{"line":14,"column":46}},"14":{"start":{"line":15,"column":0},"end":{"line":15,"column":17}},"15":{"start":{"line":16,"column":0},"end":{"line":16,"column":1}}},"s":{"0":1,"1":1,"2":2,"3":2,"5":1,"6":2,"7":2,"9":1,"10":2,"11":2,"13":1,"14":0,"15":0},"branchMap":{"0":{"type":"branch","line":2,"loc":{"start":{"line":2,"column":19},"end":{"line":4,"column":1}},"locations":[{"start":{"line":2,"column":19},"end":{"line":4,"column":1}}]},"1":{"type":"branch","line":6,"loc":{"start":{"line":6,"column":24},"end":{"line":8,"column":1}},"locations":[{"start":{"line":6,"column":24},"end":{"line":8,"column":1}}]},"2":{"type":"branch","line":10,"loc":{"start":{"line":10,"column":24},"end":{"line":12,"column":1}},"locations":[{"start":{"line":10,"column":24},"end":{"line":12,"column":1}}]}},"b":{"0":[2],"1":[2],"2":[2]},"fnMap":{"0":{"name":"add","decl":{"start":{"line":2,"column":19},"end":{"line":4,"column":1}},"loc":{"start":{"line":2,"column":19},"end":{"line":4,"column":1}},"line":2},"1":{"name":"subtract","decl":{"start":{"line":6,"column":24},"end":{"line":8,"column":1}},"loc":{"start":{"line":6,"column":24},"end":{"line":8,"column":1}},"line":6},"2":{"name":"multiply","decl":{"start":{"line":10,"column":24},"end":{"line":12,"column":1}},"loc":{"start":{"line":10,"column":24},"end":{"line":12,"column":1}},"line":10},"3":{"name":"divide","decl":{"start":{"line":14,"column":22},"end":{"line":16,"column":1}},"loc":{"start":{"line":14,"column":22},"end":{"line":16,"column":1}},"line":14}},"f":{"0":2,"1":2,"2":2,"3":0}}
,"C:\\Users\\angel\\Local\\Proyectos\\DevTalles\\React de cero a expero - Edición 2025\\02-first-steps\\src\\shopping-cart\\itemCounter.tsx": {"path":"C:\\Users\\angel\\Local\\Proyectos\\DevTalles\\React de cero a expero - Edición 2025\\02-first-steps\\src\\shopping-cart\\itemCounter.tsx","all":false,"statementMap":{"0":{"start":{"line":1,"column":0},"end":{"line":1,"column":33}},"1":{"start":{"line":2,"column":0},"end":{"line":2,"column":26}},"9":{"start":{"line":10,"column":0},"end":{"line":10,"column":20}},"10":{"start":{"line":11,"column":0},"end":{"line":11,"column":63}},"11":{"start":{"line":12,"column":0},"end":{"line":12,"column":31}},"12":{"start":{"line":13,"column":0},"end":{"line":13,"column":40}},"13":{"start":{"line":14,"column":0},"end":{"line":14,"column":48}},"15":{"start":{"line":16,"column":0},"end":{"line":16,"column":29}},"16":{"start":{"line":17,"column":0},"end":{"line":17,"column":28}},"17":{"start":{"line":18,"column":0},"end":{"line":18,"column":5}},"18":{"start":{"line":19,"column":0},"end":{"line":19,"column":34}},"19":{"start":{"line":20,"column":0},"end":{"line":20,"column":32}},"20":{"start":{"line":21,"column":0},"end":{"line":21,"column":28}},"21":{"start":{"line":22,"column":0},"end":{"line":22,"column":5}},"23":{"start":{"line":24,"column":0},"end":{"line":24,"column":12}},"24":{"start":{"line":25,"column":0},"end":{"line":25,"column":38}},"25":{"start":{"line":26,"column":0},"end":{"line":26,"column":17}},"26":{"start":{"line":27,"column":0},"end":{"line":27,"column":37}},"27":{"start":{"line":28,"column":0},"end":{"line":28,"column":24}},"28":{"start":{"line":29,"column":0},"end":{"line":29,"column":57}},"29":{"start":{"line":30,"column":0},"end":{"line":30,"column":18}},"30":{"start":{"line":31,"column":0},"end":{"line":31,"column":26}},"31":{"start":{"line":32,"column":0},"end":{"line":32,"column":51}},"32":{"start":{"line":33,"column":0},"end":{"line":33,"column":32}},"33":{"start":{"line":34,"column":0},"end":{"line":34,"column":56}},"36":{"start":{"line":37,"column":0},"end":{"line":37,"column":2}}},"s":{"0":1,"1":1,"9":1,"10":1,"11":9,"12":9,"13":9,"15":9,"16":1,"17":1,"18":9,"19":2,"20":1,"21":1,"23":9,"24":9,"25":9,"26":9,"27":9,"28":9,"29":9,"30":9,"31":9,"32":9,"33":9,"36":9},"branchMap":{"0":{"type":"branch","line":11,"loc":{"start":{"line":11,"column":27},"end":{"line":37,"column":2}},"locations":[{"start":{"line":11,"column":27},"end":{"line":37,"column":2}}]},"1":{"type":"branch","line":29,"loc":{"start":{"line":29,"column":37},"end":{"line":29,"column":49}},"locations":[{"start":{"line":29,"column":37},"end":{"line":29,"column":49}}]},"2":{"type":"branch","line":29,"loc":{"start":{"line":29,"column":41},"end":{"line":29,"column":57}},"locations":[{"start":{"line":29,"column":41},"end":{"line":29,"column":57}}]},"3":{"type":"branch","line":16,"loc":{"start":{"line":16,"column":22},"end":{"line":18,"column":5}},"locations":[{"start":{"line":16,"column":22},"end":{"line":18,"column":5}}]},"4":{"type":"branch","line":19,"loc":{"start":{"line":19,"column":27},"end":{"line":22,"column":5}},"locations":[{"start":{"line":19,"column":27},"end":{"line":22,"column":5}}]},"5":{"type":"branch","line":20,"loc":{"start":{"line":20,"column":25},"end":{"line":22,"column":5}},"locations":[{"start":{"line":20,"column":25},"end":{"line":22,"column":5}}]}},"b":{"0":[9],"1":[4],"2":[5],"3":[1],"4":[2],"5":[1]},"fnMap":{"0":{"name":"ItemCounter","decl":{"start":{"line":11,"column":27},"end":{"line":37,"column":2}},"loc":{"start":{"line":11,"column":27},"end":{"line":37,"column":2}},"line":11},"1":{"name":"handleAdd","decl":{"start":{"line":16,"column":22},"end":{"line":18,"column":5}},"loc":{"start":{"line":16,"column":22},"end":{"line":18,"column":5}},"line":16},"2":{"name":"handleSubtract","decl":{"start":{"line":19,"column":27},"end":{"line":22,"column":5}},"loc":{"start":{"line":19,"column":27},"end":{"line":22,"column":5}},"line":19}},"f":{"0":9,"1":1,"2":2}}
}
